# JRE version: OpenJDK Runtime Environment (8.0_152-b01) (build 1.8.0_152-release-1248-b01)
# Java VM: OpenJDK 64-Bit Server VM (25.152-b01 mixed mode windows-amd64 compressed oops)
Heap:
 PSYoungGen      total 461312K, used 77246K [0x00000000e0000000, 0x0000000100000000, 0x0000000100000000)
  eden space 428544K, 17% used [0x00000000e0000000,0x00000000e4933378,0x00000000fa280000)
  from space 32768K, 6% used [0x00000000fa280000,0x00000000fa4bc788,0x00000000fc280000)
  to   space 33280K, 0% used [0x00000000fdf80000,0x00000000fdf80000,0x0000000100000000)
 ParOldGen       total 153088K, used 53060K [0x00000000a0000000, 0x00000000a9580000, 0x00000000e0000000)
  object space 153088K, 34% used [0x00000000a0000000,0x00000000a33d11b8,0x00000000a9580000)
 Metaspace       used 85120K, capacity 88693K, committed 88984K, reserved 1126400K
  class space    used 11161K, capacity 11890K, committed 11952K, reserved 1048576K
GC Heap History (10 events):
Event: 41.806 GC heap before
{Heap before GC invocations=12 (full 3):
 PSYoungGen      total 287744K, used 267397K [0x00000000e0000000, 0x00000000f3a00000, 0x0000000100000000)
  eden space 268288K, 99% used [0x00000000e0000000,0x00000000f05215d0,0x00000000f0600000)
  from space 19456K, 0% used [0x00000000f1c80000,0x00000000f1c80000,0x00000000f2f80000)
  to   space 23040K, 0% used [0x00000000f0600000,0x00000000f0600000,0x00000000f1c80000)
 ParOldGen       total 153088K, used 34681K [0x00000000a0000000, 0x00000000a9580000, 0x00000000e0000000)
  object space 153088K, 22% used [0x00000000a0000000,0x00000000a21de758,0x00000000a9580000)
 Metaspace       used 67580K, capacity 69468K, committed 69784K, reserved 1110016K
  class space    used 9112K, capacity 9585K, committed 9648K, reserved 1048576K
Event: 41.828 GC heap after
Heap after GC invocations=12 (full 3):
 PSYoungGen      total 291328K, used 18841K [0x00000000e0000000, 0x00000000f6880000, 0x0000000100000000)
  eden space 268288K, 0% used [0x00000000e0000000,0x00000000e0000000,0x00000000f0600000)
  from space 23040K, 81% used [0x00000000f0600000,0x00000000f18667e0,0x00000000f1c80000)
  to   space 24576K, 0% used [0x00000000f5080000,0x00000000f5080000,0x00000000f6880000)
 ParOldGen       total 153088K, used 34689K [0x00000000a0000000, 0x00000000a9580000, 0x00000000e0000000)
  object space 153088K, 22% used [0x00000000a0000000,0x00000000a21e0758,0x00000000a9580000)
 Metaspace       used 67580K, capacity 69468K, committed 69784K, reserved 1110016K
  class space    used 9112K, capacity 9585K, committed 9648K, reserved 1048576K
}
Event: 41.862 GC heap before
{Heap before GC invocations=13 (full 3):
 PSYoungGen      total 291328K, used 286860K [0x00000000e0000000, 0x00000000f6880000, 0x0000000100000000)
  eden space 268288K, 99% used [0x00000000e0000000,0x00000000f05bc950,0x00000000f0600000)
  from space 23040K, 81% used [0x00000000f0600000,0x00000000f18667e0,0x00000000f1c80000)
  to   space 24576K, 0% used [0x00000000f5080000,0x00000000f5080000,0x00000000f6880000)
 ParOldGen       total 153088K, used 34689K [0x00000000a0000000, 0x00000000a9580000, 0x00000000e0000000)
  object space 153088K, 22% used [0x00000000a0000000,0x00000000a21e0758,0x00000000a9580000)
 Metaspace       used 67596K, capacity 69468K, committed 69784K, reserved 1110016K
  class space    used 9112K, capacity 9585K, committed 9648K, reserved 1048576K
Event: 41.870 GC heap after
Heap after GC invocations=13 (full 3):
 PSYoungGen      total 345600K, used 10893K [0x00000000e0000000, 0x00000000f9f80000, 0x0000000100000000)
  eden space 321024K, 0% used [0x00000000e0000000,0x00000000e0000000,0x00000000f3980000)
  from space 24576K, 44% used [0x00000000f5080000,0x00000000f5b23670,0x00000000f6880000)
  to   space 23552K, 0% used [0x00000000f3980000,0x00000000f3980000,0x00000000f5080000)
 ParOldGen       total 153088K, used 34697K [0x00000000a0000000, 0x00000000a9580000, 0x00000000e0000000)
  object space 153088K, 22% used [0x00000000a0000000,0x00000000a21e2758,0x00000000a9580000)
 Metaspace       used 67596K, capacity 69468K, committed 69784K, reserved 1110016K
  class space    used 9112K, capacity 9585K, committed 9648K, reserved 1048576K
}
Event: 44.176 GC heap before
{Heap before GC invocations=14 (full 3):
 PSYoungGen      total 345600K, used 331917K [0x00000000e0000000, 0x00000000f9f80000, 0x0000000100000000)
  eden space 321024K, 100% used [0x00000000e0000000,0x00000000f3980000,0x00000000f3980000)
  from space 24576K, 44% used [0x00000000f5080000,0x00000000f5b23670,0x00000000f6880000)
  to   space 23552K, 0% used [0x00000000f3980000,0x00000000f3980000,0x00000000f5080000)
 ParOldGen       total 153088K, used 34697K [0x00000000a0000000, 0x00000000a9580000, 0x00000000e0000000)
  object space 153088K, 22% used [0x00000000a0000000,0x00000000a21e2758,0x00000000a9580000)
 Metaspace       used 77970K, capacity 81050K, committed 81304K, reserved 1120256K
  class space    used 10483K, capacity 11114K, committed 11184K, reserved 1048576K
Event: 44.192 GC heap after
Heap after GC invocations=14 (full 3):
 PSYoungGen      total 344576K, used 21662K [0x00000000e0000000, 0x00000000fe280000, 0x0000000100000000)
  eden space 321024K, 0% used [0x00000000e0000000,0x00000000e0000000,0x00000000f3980000)
  from space 23552K, 91% used [0x00000000f3980000,0x00000000f4ea7a00,0x00000000f5080000)
  to   space 26112K, 0% used [0x00000000fc900000,0x00000000fc900000,0x00000000fe280000)
 ParOldGen       total 153088K, used 34705K [0x00000000a0000000, 0x00000000a9580000, 0x00000000e0000000)
  object space 153088K, 22% used [0x00000000a0000000,0x00000000a21e4758,0x00000000a9580000)
 Metaspace       used 77970K, capacity 81050K, committed 81304K, reserved 1120256K
  class space    used 10483K, capacity 11114K, committed 11184K, reserved 1048576K
}
Event: 304.276 GC heap before
{Heap before GC invocations=15 (full 3):
 PSYoungGen      total 344576K, used 341601K [0x00000000e0000000, 0x00000000fe280000, 0x0000000100000000)
  eden space 321024K, 99% used [0x00000000e0000000,0x00000000f3870c28,0x00000000f3980000)
  from space 23552K, 91% used [0x00000000f3980000,0x00000000f4ea7a00,0x00000000f5080000)
  to   space 26112K, 0% used [0x00000000fc900000,0x00000000fc900000,0x00000000fe280000)
 ParOldGen       total 153088K, used 34705K [0x00000000a0000000, 0x00000000a9580000, 0x00000000e0000000)
  object space 153088K, 22% used [0x00000000a0000000,0x00000000a21e4758,0x00000000a9580000)
 Metaspace       used 84817K, capacity 88319K, committed 88472K, reserved 1126400K
  class space    used 11152K, capacity 11873K, committed 11952K, reserved 1048576K
Event: 304.316 GC heap after
Heap after GC invocations=15 (full 3):
 PSYoungGen      total 454656K, used 26109K [0x00000000e0000000, 0x00000000fe280000, 0x0000000100000000)
  eden space 428544K, 0% used [0x00000000e0000000,0x00000000e0000000,0x00000000fa280000)
  from space 26112K, 99% used [0x00000000fc900000,0x00000000fe27f608,0x00000000fe280000)
  to   space 32768K, 0% used [0x00000000fa280000,0x00000000fa280000,0x00000000fc280000)
 ParOldGen       total 153088K, used 44241K [0x00000000a0000000, 0x00000000a9580000, 0x00000000e0000000)
  object space 153088K, 28% used [0x00000000a0000000,0x00000000a2b34440,0x00000000a9580000)
 Metaspace       used 84817K, capacity 88319K, committed 88472K, reserved 1126400K
  class space    used 11152K, capacity 11873K, committed 11952K, reserved 1048576K
}
Event: 309.707 GC heap before
{Heap before GC invocations=16 (full 3):
 PSYoungGen      total 454656K, used 454278K [0x00000000e0000000, 0x00000000fe280000, 0x0000000100000000)
  eden space 428544K, 99% used [0x00000000e0000000,0x00000000fa222200,0x00000000fa280000)
  from space 26112K, 99% used [0x00000000fc900000,0x00000000fe27f608,0x00000000fe280000)
  to   space 32768K, 0% used [0x00000000fa280000,0x00000000fa280000,0x00000000fc280000)
 ParOldGen       total 153088K, used 44241K [0x00000000a0000000, 0x00000000a9580000, 0x00000000e0000000)
  object space 153088K, 28% used [0x00000000a0000000,0x00000000a2b34440,0x00000000a9580000)
 Metaspace       used 84922K, capacity 88549K, committed 88728K, reserved 1126400K
  class space    used 11154K, capacity 11878K, committed 11952K, reserved 1048576K
Event: 309.719 GC heap after
Heap after GC invocations=16 (full 3):
 PSYoungGen      total 461312K, used 2289K [0x00000000e0000000, 0x0000000100000000, 0x0000000100000000)
  eden space 428544K, 0% used [0x00000000e0000000,0x00000000e0000000,0x00000000fa280000)
  from space 32768K, 6% used [0x00000000fa280000,0x00000000fa4bc788,0x00000000fc280000)
  to   space 33280K, 0% used [0x00000000fdf80000,0x00000000fdf80000,0x0000000100000000)
 ParOldGen       total 153088K, used 53060K [0x00000000a0000000, 0x00000000a9580000, 0x00000000e0000000)
  object space 153088K, 34% used [0x00000000a0000000,0x00000000a33d11b8,0x00000000a9580000)
 Metaspace       used 84922K, capacity 88549K, committed 88728K, reserved 1126400K
  class space    used 11154K, capacity 11878K, committed 11952K, reserved 1048576K
}

